<?xml version="1.0" encoding="UTF-8"?>
<!-- Generated by org.testng.reporters.JUnitReportReporter -->
<testsuite skipped="0" hostname="TDG-MBL-MTY0280" name="tests.MyOrders" tests="2" failures="0" timestamp="24 Apr 2018 17:51:56 GMT" time="0.002" errors="0">
  <testcase name="cancelOrder" time="0.001" classname="tests.MyOrders"/>
  <testcase name="editOrder" time="0.001" classname="tests.MyOrders"/>
</testsuite> <!-- tests.MyOrders -->
