<?xml version="1.0" encoding="UTF-8"?>
<!-- Generated by org.testng.reporters.JUnitReportReporter -->
<testsuite skipped="0" hostname="TDG-MBL-MTY0280" name="simulationApp.Login" tests="3" failures="0" timestamp="24 Apr 2018 16:47:23 GMT" time="0.007" errors="0">
  <testcase name="loginTest01" time="0.005" classname="simulationApp.Login"/>
  <testcase name="loginTest02" time="0.001" classname="simulationApp.Login"/>
  <testcase name="loginTest03" time="0.001" classname="simulationApp.Login"/>
</testsuite> <!-- simulationApp.Login -->
