<?xml version="1.0" encoding="UTF-8"?>
<!-- Generated by org.testng.reporters.JUnitReportReporter -->
<testsuite skipped="0" hostname="TDG-MBL-MTY0280" name="tests.Register" tests="3" failures="0" timestamp="24 Apr 2018 17:51:56 GMT" time="0.002" errors="0">
  <testcase name="registerTest01" time="0.001" classname="tests.Register"/>
  <testcase name="registerTest02" time="0.000" classname="tests.Register"/>
  <testcase name="registerTest03" time="0.001" classname="tests.Register"/>
</testsuite> <!-- tests.Register -->
