<?xml version="1.0" encoding="UTF-8"?>
<!-- Generated by org.testng.reporters.JUnitReportReporter -->
<testsuite skipped="2" hostname="TDG-MBL-MTY0359" name="com.sample_tests.Login" tests="3" failures="0" timestamp="22 Feb 2019 17:23:18 GMT" time="1.348" errors="0">
  <testcase name="loginTest01" time="1.348" classname="com.sample_tests.Login"/>
  <testcase name="loginTest02" classname="com.sample_tests.Login">
    <skipped/>
  </testcase> <!-- loginTest02 -->
  <testcase name="loginTest03" classname="com.sample_tests.Login">
    <skipped/>
  </testcase> <!-- loginTest03 -->
</testsuite> <!-- com.sample_tests.Login -->
