<?xml version="1.0" encoding="UTF-8"?>
<!-- Generated by org.testng.reporters.JUnitReportReporter -->
<testsuite skipped="2" hostname="TDG-MBL-MTY0359" name="tests.Login" tests="3" failures="0" timestamp="21 Feb 2019 16:04:01 GMT" time="0.575" errors="0">
  <testcase name="loginTest01" time="0.575" classname="tests.Login"/>
  <testcase name="loginTest02" classname="tests.Login">
    <skipped/>
  </testcase> <!-- loginTest02 -->
  <testcase name="loginTest03" classname="tests.Login">
    <skipped/>
  </testcase> <!-- loginTest03 -->
</testsuite> <!-- tests.Login -->
