<?xml version="1.0" encoding="UTF-8"?>
<!-- Generated by org.testng.reporters.JUnitReportReporter -->
<testsuite skipped="0" hostname="TDG-MBL-MTY0280" name="simulationApp.Account" tests="3" failures="0" timestamp="24 Apr 2018 17:12:26 GMT" time="0.006" errors="0">
  <testcase name="editInfo01" time="0.004" classname="simulationApp.Account"/>
  <testcase name="editInfo02" time="0.001" classname="simulationApp.Account"/>
  <testcase name="verifyInfo" time="0.001" classname="simulationApp.Account"/>
</testsuite> <!-- simulationApp.Account -->
